<?xml version="1.0" encoding="UTF-8"?>
<!-- Generated by org.testng.reporters.JUnitXMLReporter -->
<testsuite ignored="1" hostname="9NWBY93-METO" failures="1" tests="1" name="App Manager Login Test(failed)" time="2.501" errors="0" timestamp="2022-09-19T09:50:25 COT">
  <testcase classname="com.m2a.testcases.TFLogin" name="testOne" time="0.004">
    <failure type="java.lang.NullPointerException">
      <![CDATA[java.lang.NullPointerException
at com.m2a.testcases.TFLogin.testOne(TFLogin.java:24)
at java.base/java.util.ArrayList.forEach(ArrayList.java:1541)
... Removed 27 stack frames]]>
    </failure>
  </testcase> <!-- testOne -->
  <testcase classname="com.m2a.base.TestBase" name="appTest" time="0.0">
    <ignored/>
  </testcase> <!-- appTest -->
</testsuite> <!-- App Manager Login Test(failed) -->
